<?xml version="1.0" encoding="UTF-8"?>
<!-- Generated by org.testng.reporters.JUnitReportReporter -->
<testsuite hostname="PC" failures="0" tests="1" name="com.iwasse.test.e2e.SaucedemoTest" time="4.473" errors="0" timestamp="2023-11-03T21:41:34 BRT" skipped="0">
  <testcase classname="com.iwasse.test.e2e.SaucedemoTest" name="endToEnd" time="4.473"/>
</testsuite> <!-- com.iwasse.test.e2e.SaucedemoTest -->
